<?xml version="1.0" encoding="UTF-8"?>
<!-- Generated by org.testng.reporters.JUnitReportReporter -->
<testsuite hostname="DESKTOP-EFP5MBC" failures="0" tests="2" name="rahulshettyacademy.Tests.ErrorValidations" time="18.267" errors="0" timestamp="2023-04-24T11:26:54 ICT" skipped="0">
  <testcase classname="rahulshettyacademy.Tests.ErrorValidations" name="loginSite" time="10.335"/>
  <system-out/>
  <testcase classname="rahulshettyacademy.Tests.ErrorValidations" name="loginAgain" time="7.932"/>
  <system-out/>
</testsuite> <!-- rahulshettyacademy.Tests.ErrorValidations -->
